<?xml version="1.0" encoding="UTF-8"?>
<!-- Generated by org.testng.reporters.JUnitXMLReporter -->
<testsuite ignored="5" hostname="LAPTOP-V4EQ9E0B" failures="0" tests="1" name="Default test" time="0.058" errors="0" timestamp="2023-12-26T22:09:19 IST">
  <testcase classname="Test_Cases.BaseStart" name="@BeforeMethod Allbrowser" time="-1.703608759731E9">
    <failure type="org.testng.TestNGException" message="
Parameter &amp;apos;browser&amp;apos; is required by BeforeMethod on method Allbrowser but has not been marked @Optional or defined
in C:\Users\Balaji\AppData\Local\Temp\testng-eclipse-1704989494\testng-customsuite.xml">
      <![CDATA[org.testng.TestNGException: 
Parameter 'browser' is required by BeforeMethod on method Allbrowser but has not been marked @Optional or defined
in C:\Users\Balaji\AppData\Local\Temp\testng-eclipse-1704989494\testng-customsuite.xml
at org.testng.internal.Parameters.createParams(Parameters.java:267)
at org.testng.internal.Parameters.createParametersForMethod(Parameters.java:355)
at org.testng.internal.Parameters.createParameters(Parameters.java:684)
at org.testng.internal.Parameters.createConfigurationParameters(Parameters.java:166)
at org.testng.internal.invokers.ConfigInvoker.invokeConfigurations(ConfigInvoker.java:277)
at org.testng.internal.invokers.TestInvoker.runConfigMethods(TestInvoker.java:823)
at org.testng.internal.invokers.TestInvoker.invokeMethod(TestInvoker.java:590)
at org.testng.internal.invokers.TestInvoker.invokeTestMethod(TestInvoker.java:221)
at org.testng.internal.invokers.MethodRunner.runInSequence(MethodRunner.java:50)
at org.testng.internal.invokers.TestInvoker$MethodInvocationAgent.invoke(TestInvoker.java:969)
at org.testng.internal.invokers.TestInvoker.invokeTestMethods(TestInvoker.java:194)
at org.testng.internal.invokers.TestMethodWorker.invokeTestMethods(TestMethodWorker.java:148)
at org.testng.internal.invokers.TestMethodWorker.run(TestMethodWorker.java:128)
at java.base/java.util.ArrayList.forEach(ArrayList.java:1511)
at org.testng.TestRunner.privateRun(TestRunner.java:829)
at org.testng.TestRunner.run(TestRunner.java:602)
at org.testng.SuiteRunner.runTest(SuiteRunner.java:437)
at org.testng.SuiteRunner.runSequentially(SuiteRunner.java:431)
at org.testng.SuiteRunner.privateRun(SuiteRunner.java:391)
at org.testng.SuiteRunner.run(SuiteRunner.java:330)
at org.testng.SuiteRunnerWorker.runSuite(SuiteRunnerWorker.java:52)
at org.testng.SuiteRunnerWorker.run(SuiteRunnerWorker.java:95)
at org.testng.TestNG.runSuitesSequentially(TestNG.java:1256)
at org.testng.TestNG.runSuitesLocally(TestNG.java:1176)
at org.testng.TestNG.runSuites(TestNG.java:1099)
at org.testng.TestNG.run(TestNG.java:1067)
at org.testng.remote.AbstractRemoteTestNG.run(AbstractRemoteTestNG.java:115)
at org.testng.remote.RemoteTestNG.initAndRun(RemoteTestNG.java:251)
at org.testng.remote.RemoteTestNG.main(RemoteTestNG.java:77)
]]>
    </failure>
  </testcase> <!-- @BeforeMethod Allbrowser -->
  <testcase classname="Test_Cases.BaseStart" name="@AfterMethod quit" time="0.0">
    <skipped/>
  </testcase> <!-- @AfterMethod quit -->
  <testcase classname="Test_Cases.TC_Product_Detail" name="Test_Case_SeeMore" time="0.0">
    <skipped/>
  </testcase> <!-- Test_Case_SeeMore -->
  <testcase classname="Test_Cases.TC_Product_Detail" name="TC_001" time="0.0">
    <ignored/>
  </testcase> <!-- TC_001 -->
  <testcase classname="Test_Cases.TC_Product_Detail" name="Test_Case_product_page" time="0.0">
    <ignored/>
  </testcase> <!-- Test_Case_product_page -->
  <testcase classname="Test_Cases.TC_Product_Detail" name="TC_003_search_product" time="0.0">
    <ignored/>
  </testcase> <!-- TC_003_search_product -->
  <testcase classname="Test_Cases.TC_Product_Detail" name="Test_Case_EMI" time="0.0">
    <ignored/>
  </testcase> <!-- Test_Case_EMI -->
  <testcase classname="Test_Cases.TC_Product_Detail" name="TC_002" time="0.0">
    <ignored/>
  </testcase> <!-- TC_002 -->
</testsuite> <!-- Default test -->
