<?xml version="1.0" encoding="UTF-8"?>
<!-- Generated by org.testng.reporters.JUnitXMLReporter -->
<testsuite ignored="25" hostname="LAPTOP-V4EQ9E0B" failures="8" tests="25" name="Test_cases(failed)" time="1001.464" errors="0" timestamp="2023-12-30T14:20:54 IST">
  <testcase classname="Test_Cases.TC_MenuBar" name="TC_0011_EchoandAlexa_AlexaSmartHome" time="22.504"/>
  <testcase classname="Test_Cases.TC_MenuBar" name="TC_003_BestSeller" time="23.599"/>
  <testcase classname="Test_Cases.TC_MenuBar" name="TC_005_MoversAndShakers" time="45.484"/>
  <testcase classname="Test_Cases.TC_MenuBar" name="TC_006_AmazonMiniTV" time="61.235"/>
  <testcase classname="Test_Cases.TC_Product_Detail" name="TC_001" time="6.079"/>
  <testcase classname="Test_Cases.TC_Product_Detail" name="TC_003_search_product" time="38.74">
    <failure type="org.openqa.selenium.json.JsonException" message="java.lang.reflect.InvocationTargetException
Build info: version: &amp;apos;4.10.0&amp;apos;, revision: &amp;apos;c14d967899&amp;apos;
System info: os.name: &amp;apos;Windows 11&amp;apos;, os.arch: &amp;apos;amd64&amp;apos;, os.version: &amp;apos;10.0&amp;apos;, java.version: &amp;apos;17.0.5&amp;apos;
Driver info: org.openqa.selenium.chrome.ChromeDriver
Command: [45168070a23e7cdbb1052df99217ace3, actions {actions=[org.openqa.selenium.interactions.Sequence@20cdb152]}]
Capabilities {acceptInsecureCerts: false, browserName: chrome, browserVersion: 119.0.6045.160, chrome: {chromedriverVersion: 119.0.6045.105 (38c72552c5e..., userDataDir: C:\windows\SystemTemp\scope...}, fedcm:accounts: true, goog:chromeOptions: {debuggerAddress: localhost:4183}, networkConnectionEnabled: false, pageLoadStrategy: normal, platformName: windows, proxy: Proxy(), se:cdp: ws://localhost:4183/devtool..., se:cdpVersion: 119.0.6045.160, setWindowRect: true, strictFileInteractability: false, timeouts: {implicit: 0, pageLoad: 300000, script: 30000}, unhandledPromptBehavior: dismiss and notify, webauthn:extension:credBlob: true, webauthn:extension:largeBlob: true, webauthn:extension:minPinLength: true, webauthn:extension:prf: true, webauthn:virtualAuthenticators: true}
Session ID: 45168070a23e7cdbb1052df99217ace3">
      <![CDATA[org.openqa.selenium.json.JsonException: java.lang.reflect.InvocationTargetException
Build info: version: '4.10.0', revision: 'c14d967899'
System info: os.name: 'Windows 11', os.arch: 'amd64', os.version: '10.0', java.version: '17.0.5'
Driver info: org.openqa.selenium.chrome.ChromeDriver
Command: [45168070a23e7cdbb1052df99217ace3, actions {actions=[org.openqa.selenium.interactions.Sequence@20cdb152]}]
Capabilities {acceptInsecureCerts: false, browserName: chrome, browserVersion: 119.0.6045.160, chrome: {chromedriverVersion: 119.0.6045.105 (38c72552c5e..., userDataDir: C:\windows\SystemTemp\scope...}, fedcm:accounts: true, goog:chromeOptions: {debuggerAddress: localhost:4183}, networkConnectionEnabled: false, pageLoadStrategy: normal, platformName: windows, proxy: Proxy(), se:cdp: ws://localhost:4183/devtool..., se:cdpVersion: 119.0.6045.160, setWindowRect: true, strictFileInteractability: false, timeouts: {implicit: 0, pageLoad: 300000, script: 30000}, unhandledPromptBehavior: dismiss and notify, webauthn:extension:credBlob: true, webauthn:extension:largeBlob: true, webauthn:extension:minPinLength: true, webauthn:extension:prf: true, webauthn:virtualAuthenticators: true}
Session ID: 45168070a23e7cdbb1052df99217ace3
at org.openqa.selenium.json.JsonOutput.convertUsingMethod(JsonOutput.java:395)
at org.openqa.selenium.json.JsonOutput.lambda$new$16(JsonOutput.java:165)
at org.openqa.selenium.json.JsonOutput.write(JsonOutput.java:322)
at org.openqa.selenium.json.JsonOutput.lambda$new$22(JsonOutput.java:185)
at java.base/java.util.stream.ForEachOps$ForEachOp$OfRef.accept(ForEachOps.java:183)
at java.base/java.util.stream.ReferencePipeline$2$1.accept(ReferencePipeline.java:179)
at java.base/java.util.Iterator.forEachRemaining(Iterator.java:133)
at java.base/java.util.Spliterators$IteratorSpliterator.forEachRemaining(Spliterators.java:1845)
at java.base/java.util.stream.AbstractPipeline.copyInto(AbstractPipeline.java:509)
at java.base/java.util.stream.AbstractPipeline.wrapAndCopyInto(AbstractPipeline.java:499)
at java.base/java.util.stream.ForEachOps$ForEachOp.evaluateSequential(ForEachOps.java:150)
at java.base/java.util.stream.ForEachOps$ForEachOp$OfRef.evaluateSequential(ForEachOps.java:173)
at java.base/java.util.stream.AbstractPipeline.evaluate(AbstractPipeline.java:234)
at java.base/java.util.stream.ReferencePipeline.forEach(ReferencePipeline.java:596)
at org.openqa.selenium.json.JsonOutput.lambda$new$23(JsonOutput.java:185)
at org.openqa.selenium.json.JsonOutput.write(JsonOutput.java:322)
at org.openqa.selenium.json.JsonOutput.lambda$new$24(JsonOutput.java:203)
at com.google.common.collect.SingletonImmutableBiMap.forEach(SingletonImmutableBiMap.java:68)
at org.openqa.selenium.json.JsonOutput.lambda$new$25(JsonOutput.java:198)
at org.openqa.selenium.json.JsonOutput.write(JsonOutput.java:322)
at org.openqa.selenium.json.JsonOutput.write(JsonOutput.java:313)
at org.openqa.selenium.json.Json.toJson(Json.java:43)
at org.openqa.selenium.remote.codec.AbstractHttpCommandCodec.encode(AbstractHttpCommandCodec.java:256)
at org.openqa.selenium.remote.codec.AbstractHttpCommandCodec.encode(AbstractHttpCommandCodec.java:120)
at org.openqa.selenium.remote.HttpCommandExecutor.execute(HttpCommandExecutor.java:179)
at org.openqa.selenium.remote.service.DriverCommandExecutor.invokeExecute(DriverCommandExecutor.java:196)
at org.openqa.selenium.remote.service.DriverCommandExecutor.execute(DriverCommandExecutor.java:171)
at org.openqa.selenium.remote.RemoteWebDriver.execute(RemoteWebDriver.java:531)
at org.openqa.selenium.remote.RemoteWebDriver.perform(RemoteWebDriver.java:603)
at org.openqa.selenium.interactions.Actions$BuiltAction.perform(Actions.java:585)
at Utilities.Assist.move(Assist.java:40)
at Page_Object.Product_Detail.Search_a_product(Product_Detail.java:346)
at Test_Cases.TC_Product_Detail.TC_003_search_product(TC_Product_Detail.java:33)
at java.base/java.util.ArrayList.forEach(ArrayList.java:1511)
Suppressed: org.openqa.selenium.json.JsonException: Attempting to close incomplete json stream
Build info: version: '4.10.0', revision: 'c14d967899'
System info: os.name: 'Windows 11', os.arch: 'amd64', os.version: '10.0', java.version: '17.0.5'
Driver info: driver.version: RemoteWebDriver
at org.openqa.selenium.json.JsonOutput.close(JsonOutput.java:338)
at org.openqa.selenium.json.Json.toJson(Json.java:41)
... 39 more
at org.openqa.selenium.json.JsonOutput.convertUsingMethod(JsonOutput.java:391)
... 60 more
Caused by: org.openqa.selenium.NoSuchElementException: no such element: Unable to locate element: {"method":"xpath","selector":"//div[@class='a-section s-range-input-container s-upper-bound']"}
  (Session info: chrome=119.0.6045.160)
For documentation on this error, please visit: https://www.selenium.dev/documentation/webdriver/troubleshooting/errors#no-such-element-exception
Build info: version: '4.10.0', revision: 'c14d967899'
System info: os.name: 'Windows 11', os.arch: 'amd64', os.version: '10.0', java.version: '17.0.5'
Driver info: org.openqa.selenium.chrome.ChromeDriver
Command: [45168070a23e7cdbb1052df99217ace3, findElement {using=xpath, value=//div[@class='a-section s-range-input-container s-upper-bound']}]
Capabilities {acceptInsecureCerts: false, browserName: chrome, browserVersion: 119.0.6045.160, chrome: {chromedriverVersion: 119.0.6045.105 (38c72552c5e..., userDataDir: C:\windows\SystemTemp\scope...}, fedcm:accounts: true, goog:chromeOptions: {debuggerAddress: localhost:4183}, networkConnectionEnabled: false, pageLoadStrategy: normal, platformName: windows, proxy: Proxy(), se:cdp: ws://localhost:4183/devtool..., se:cdpVersion: 119.0.6045.160, setWindowRect: true, strictFileInteractability: false, timeouts: {implicit: 0, pageLoad: 300000, script: 30000}, unhandledPromptBehavior: dismiss and notify, webauthn:extension:credBlob: true, webauthn:extension:largeBlob: true, webauthn:extension:minPinLength: true, webauthn:extension:prf: true, webauthn:virtualAuthenticators: true}
Session ID: 45168070a23e7cdbb1052df99217ace3
at org.openqa.selenium.remote.codec.w3c.W3CHttpResponseCodec.createException(W3CHttpResponseCodec.java:199)
at org.openqa.selenium.remote.codec.w3c.W3CHttpResponseCodec.decode(W3CHttpResponseCodec.java:132)
at org.openqa.selenium.remote.codec.w3c.W3CHttpResponseCodec.decode(W3CHttpResponseCodec.java:51)
at org.openqa.selenium.remote.HttpCommandExecutor.execute(HttpCommandExecutor.java:191)
at org.openqa.selenium.remote.service.DriverCommandExecutor.invokeExecute(DriverCommandExecutor.java:196)
at org.openqa.selenium.remote.service.DriverCommandExecutor.execute(DriverCommandExecutor.java:171)
at org.openqa.selenium.remote.RemoteWebDriver.execute(RemoteWebDriver.java:531)
at org.openqa.selenium.remote.ElementLocation$ElementFinder$2.findElement(ElementLocation.java:165)
at org.openqa.selenium.remote.ElementLocation.findElement(ElementLocation.java:59)
at org.openqa.selenium.remote.RemoteWebDriver.findElement(RemoteWebDriver.java:350)
at org.openqa.selenium.remote.RemoteWebDriver.findElement(RemoteWebDriver.java:344)
at org.openqa.selenium.support.pagefactory.DefaultElementLocator.findElement(DefaultElementLocator.java:68)
at org.openqa.selenium.support.pagefactory.internal.LocatingElementHandler.invoke(LocatingElementHandler.java:38)
at jdk.proxy2/jdk.proxy2.$Proxy19.getWrappedElement(Unknown Source)
at org.openqa.selenium.interactions.PointerInput$Origin.asArg(PointerInput.java:275)
at org.openqa.selenium.interactions.PointerInput$Move.encode(PointerInput.java:224)
at org.openqa.selenium.interactions.Sequence.encode(Sequence.java:72)
at org.openqa.selenium.interactions.Sequence.toJson(Sequence.java:81)
... 65 more
... Removed 37 stack frames]]>
    </failure>
  </testcase> <!-- TC_003_search_product -->
  <testcase classname="Test_Cases.TC_Product_Detail" name="TC_007_carousel" time="174.887"/>
  <testcase classname="Test_Cases.TC_Header" name="TC_005_Account_and_AllList" time="13.666"/>
  <testcase classname="Test_Cases.TC_Header" name="TC_005_Account_and_AllList" time="13.907"/>
  <testcase classname="Test_Cases.TC_Header" name="TC_005_Account_and_AllList" time="13.361"/>
  <testcase classname="Test_Cases.TC_Header" name="TC_005_Account_and_AllList" time="24.488"/>
  <testcase classname="Test_Cases.TC_Header" name="TC_007_Select_a_Item_Dropdown" time="76.391"/>
  <testcase classname="Test_Cases.TC_Header" name="TC_007_Select_a_Item_Dropdown" time="24.27"/>
  <testcase classname="Test_Cases.TC_Header" name="TC_007_Select_a_Item_Dropdown" time="20.446"/>
  <testcase classname="Test_Cases.TC_Footer" name="TC_004_Footer_Logo" time="10.122"/>
  <testcase classname="Test_Cases.TC_Footer" name="TC_006_Country" time="21.764"/>
  <testcase classname="Test_Cases.TC_Footer" name="TC_006_Country" time="6.304">
    <failure type="java.lang.AssertionError" message="did not expect [https://www.amazon.in/] but found [https://www.amazon.in/]">
      <![CDATA[java.lang.AssertionError: did not expect [https://www.amazon.in/] but found [https://www.amazon.in/]
at Page_Object.Footer.country_list(Footer.java:209)
at Test_Cases.TC_Footer.TC_006_Country(TC_Footer.java:71)
at java.base/java.util.ArrayList.forEach(ArrayList.java:1511)
... Removed 32 stack frames]]>
    </failure>
  </testcase> <!-- TC_006_Country -->
  <testcase classname="Test_Cases.TC_Footer" name="TC_006_Country" time="20.224"/>
  <testcase classname="Test_Cases.TC_Footer" name="TC_006_Country" time="6.298">
    <failure type="java.lang.AssertionError" message="did not expect [https://www.amazon.in/] but found [https://www.amazon.in/]">
      <![CDATA[java.lang.AssertionError: did not expect [https://www.amazon.in/] but found [https://www.amazon.in/]
at Page_Object.Footer.country_list(Footer.java:209)
at Test_Cases.TC_Footer.TC_006_Country(TC_Footer.java:71)
at java.base/java.util.ArrayList.forEach(ArrayList.java:1511)
... Removed 32 stack frames]]>
    </failure>
  </testcase> <!-- TC_006_Country -->
  <testcase classname="Test_Cases.TC_Footer" name="TC_006_Country" time="26.169"/>
  <testcase classname="Test_Cases.TC_Footer" name="TC_006_Country" time="6.294">
    <failure type="java.lang.AssertionError" message="did not expect [https://www.amazon.in/] but found [https://www.amazon.in/]">
      <![CDATA[java.lang.AssertionError: did not expect [https://www.amazon.in/] but found [https://www.amazon.in/]
at Page_Object.Footer.country_list(Footer.java:209)
at Test_Cases.TC_Footer.TC_006_Country(TC_Footer.java:71)
at java.base/java.util.ArrayList.forEach(ArrayList.java:1511)
... Removed 32 stack frames]]>
    </failure>
  </testcase> <!-- TC_006_Country -->
  <testcase classname="Test_Cases.TC_Footer" name="TC_007_MoreonAmazon" time="26.159">
    <failure type="java.lang.AssertionError" message="did not expect [https://www.amazon.in/] but found [https://www.amazon.in/]">
      <![CDATA[java.lang.AssertionError: did not expect [https://www.amazon.in/] but found [https://www.amazon.in/]
at Page_Object.Footer.MoreItems(Footer.java:241)
at Test_Cases.TC_Footer.TC_007_MoreonAmazon(TC_Footer.java:86)
at java.base/java.util.ArrayList.forEach(ArrayList.java:1511)
... Removed 32 stack frames]]>
    </failure>
  </testcase> <!-- TC_007_MoreonAmazon -->
  <testcase classname="Test_Cases.TC_Footer" name="TC_007_MoreonAmazon" time="26.194">
    <failure type="java.lang.AssertionError" message="did not expect [https://www.amazon.in/] but found [https://www.amazon.in/]">
      <![CDATA[java.lang.AssertionError: did not expect [https://www.amazon.in/] but found [https://www.amazon.in/]
at Page_Object.Footer.MoreItems(Footer.java:241)
at Test_Cases.TC_Footer.TC_007_MoreonAmazon(TC_Footer.java:86)
at java.base/java.util.ArrayList.forEach(ArrayList.java:1511)
... Removed 32 stack frames]]>
    </failure>
  </testcase> <!-- TC_007_MoreonAmazon -->
  <testcase classname="Test_Cases.TC_Footer" name="TC_007_MoreonAmazon" time="26.163">
    <failure type="java.lang.AssertionError" message="did not expect [https://www.amazon.in/] but found [https://www.amazon.in/]">
      <![CDATA[java.lang.AssertionError: did not expect [https://www.amazon.in/] but found [https://www.amazon.in/]
at Page_Object.Footer.MoreItems(Footer.java:241)
at Test_Cases.TC_Footer.TC_007_MoreonAmazon(TC_Footer.java:86)
at java.base/java.util.ArrayList.forEach(ArrayList.java:1511)
... Removed 32 stack frames]]>
    </failure>
  </testcase> <!-- TC_007_MoreonAmazon -->
  <testcase classname="Test_Cases.TC_Footer" name="TC_007_MoreonAmazon" time="26.227">
    <failure type="java.lang.AssertionError" message="did not expect [https://www.amazon.in/] but found [https://www.amazon.in/]">
      <![CDATA[java.lang.AssertionError: did not expect [https://www.amazon.in/] but found [https://www.amazon.in/]
at Page_Object.Footer.MoreItems(Footer.java:241)
at Test_Cases.TC_Footer.TC_007_MoreonAmazon(TC_Footer.java:86)
at java.base/java.util.ArrayList.forEach(ArrayList.java:1511)
... Removed 32 stack frames]]>
    </failure>
  </testcase> <!-- TC_007_MoreonAmazon -->
  <testcase classname="Test_Cases.TC_MenuBar" name="TC_008_EchoandAlexa_MeetAlexa" time="0.0">
    <ignored/>
  </testcase> <!-- TC_008_EchoandAlexa_MeetAlexa -->
  <testcase classname="Test_Cases.TC_MenuBar" name="TC_0012_EchoandAlexa_AmazonPrimeMusic" time="0.0">
    <ignored/>
  </testcase> <!-- TC_0012_EchoandAlexa_AmazonPrimeMusic -->
  <testcase classname="Test_Cases.TC_Product_Detail" name="TC_005_EMI" time="0.0">
    <ignored/>
  </testcase> <!-- TC_005_EMI -->
  <testcase classname="Test_Cases.TC_Product_Detail" name="TC_009_pagenation_previous" time="0.0">
    <ignored/>
  </testcase> <!-- TC_009_pagenation_previous -->
  <testcase classname="Test_Cases.TC_Header" name="TC_001_Logo" time="0.0">
    <ignored/>
  </testcase> <!-- TC_001_Logo -->
  <testcase classname="Test_Cases.TC_MenuBar" name="TC_009_EchoandAlexa_AlexaSkills" time="0.0">
    <ignored/>
  </testcase> <!-- TC_009_EchoandAlexa_AlexaSkills -->
  <testcase classname="Test_Cases.TC_MenuBar" name="TC_007_EchoandAlexa_Seealldevices" time="0.0">
    <ignored/>
  </testcase> <!-- TC_007_EchoandAlexa_Seealldevices -->
  <testcase classname="Test_Cases.TC_Footer" name="TC_005_Language_Dropdown" time="0.0">
    <ignored/>
  </testcase> <!-- TC_005_Language_Dropdown -->
  <testcase classname="Test_Cases.TC_Product_Detail" name="TC_004_product_page" time="0.0">
    <ignored/>
  </testcase> <!-- TC_004_product_page -->
  <testcase classname="Test_Cases.TC_Footer" name="TC_001_BacktoTop" time="0.0">
    <ignored/>
  </testcase> <!-- TC_001_BacktoTop -->
  <testcase classname="Test_Cases.TC_MenuBar" name="TC_001_Menuicon" time="0.0">
    <ignored/>
  </testcase> <!-- TC_001_Menuicon -->
  <testcase classname="Test_Cases.TC_Header" name="TC_002_Dropdown" time="0.0">
    <ignored/>
  </testcase> <!-- TC_002_Dropdown -->
  <testcase classname="Test_Cases.TC_Header" name="TC_006_searchDropdown" time="0.0">
    <ignored/>
  </testcase> <!-- TC_006_searchDropdown -->
  <testcase classname="Test_Cases.TC_Header" name="TC_008_Select_Location_pincode" time="0.0">
    <ignored/>
  </testcase> <!-- TC_008_Select_Location_pincode -->
  <testcase classname="Test_Cases.TC_Product_Detail" name="TC_008_pagenation_next" time="0.0">
    <ignored/>
  </testcase> <!-- TC_008_pagenation_next -->
  <testcase classname="Test_Cases.TC_MenuBar" name="TC_0010_EchoandAlexa_AlexaApp" time="0.0">
    <ignored/>
  </testcase> <!-- TC_0010_EchoandAlexa_AlexaApp -->
  <testcase classname="Test_Cases.TC_Footer" name="TC_006_Terms_Privacy_Ad" time="0.0">
    <ignored/>
  </testcase> <!-- TC_006_Terms_Privacy_Ad -->
  <testcase classname="Test_Cases.TC_MenuBar" name="TC_004_NewReleases" time="0.0">
    <ignored/>
  </testcase> <!-- TC_004_NewReleases -->
  <testcase classname="Test_Cases.TC_Footer" name="TC_003_Footer_Links" time="0.0">
    <ignored/>
  </testcase> <!-- TC_003_Footer_Links -->
  <testcase classname="Test_Cases.TC_Header" name="TC_004_Languages" time="0.0">
    <ignored/>
  </testcase> <!-- TC_004_Languages -->
  <testcase classname="Test_Cases.TC_Footer" name="TC_002_Foot_categories" time="0.0">
    <ignored/>
  </testcase> <!-- TC_002_Foot_categories -->
  <testcase classname="Test_Cases.TC_MenuBar" name="TC_002_Hello" time="0.0">
    <ignored/>
  </testcase> <!-- TC_002_Hello -->
  <testcase classname="Test_Cases.TC_Product_Detail" name="TC_006_SeeMore" time="0.0">
    <ignored/>
  </testcase> <!-- TC_006_SeeMore -->
  <testcase classname="Test_Cases.TC_Product_Detail" name="TC_002" time="0.0">
    <ignored/>
  </testcase> <!-- TC_002 -->
  <testcase classname="Test_Cases.TC_Header" name="TC_008_Select_Location_Signin" time="0.0">
    <ignored/>
  </testcase> <!-- TC_008_Select_Location_Signin -->
</testsuite> <!-- Test_cases(failed) -->
